[18:09:27.738][INFO]: Successfully identified and loaded plugin jeitweaker:default
[18:09:27.782][INFO]: Successfully identified and loaded plugin crafttweaker:builtin
[18:09:27.788][INFO]: Successfully identified and loaded plugin mekanism:crt_plugin
[18:09:30.368][INFO]: The following mods have explicit CraftTweaker support through the default plugin:
[18:09:30.375][INFO]: - 'aquaculture' at version '1.18.2-2.3.7'
[18:09:30.375][INFO]: - 'crafttweaker' at version '9.1.157'
[18:09:30.375][INFO]: - 'jeitweaker' at version '3.0.0.8'
[18:09:30.375][INFO]: - 'mekanism' at version '10.2.4'
[18:09:36.943][INFO]: Started loading scripts for loader 'mekanismcontent'
[18:09:37.195][INFO]: Compiling and executing scripts
[18:09:37.675][INFO]: Successfully initialized modules [mods, crafttweaker, expansions]
[18:09:37.789][INFO]: Execution for loader 'mekanismcontent' completed successfully
[18:09:37.789][INFO]: Registering 0 custom gases.
[18:09:37.798][INFO]: Registering 0 custom infuse types.
[18:09:37.816][INFO]: Registering 0 custom pigments.
[18:09:37.824][INFO]: Registering 0 custom robit skins.
[18:09:37.833][INFO]: Registering 0 custom slurries.
[18:09:49.876][INFO]: Started loading scripts for loader 'initialize'
[18:09:49.904][INFO]: Compiling and executing scripts
[18:09:49.906][INFO]: Successfully initialized modules [crafttweaker, expansions]
[18:09:49.919][INFO]: Execution for loader 'initialize' completed successfully
